### CustomExplorer log file, revision C-2009.09-SP2 (build 0909) ###
### created at 09:16:56 on Mon Apr 24 2017 (Linux) ###
# (0) running in waveview only mode
# (0) SW_SX_PERL_LIB defined
# (0) SW_SX_TCL_LIB defined
# (0) HOME defined
wv_move_window CustomWaveView 0 0
wv_resize_window CustomWaveView 800 400
wv_move_window CustomWaveView 671 25
wv_move_window CustomWaveView 336 191
wv_resize_window CustomWaveView 900 550
wv_expand_hierview_item {FILE0:D0:lab3.tr0}
wv_select_hierview_item {FILE0:D0:lab3.tr0} {toplevel}
wv_move_window CustomWaveView 338 190
wv_move_window CustomWaveView 339 190
wv_move_window CustomWaveView 341 189
wv_move_window CustomWaveView 342 189
wv_move_window CustomWaveView 343 189
wv_move_window CustomWaveView 344 188
wv_move_window CustomWaveView 345 187
wv_move_window CustomWaveView 347 186
wv_move_window CustomWaveView 349 185
wv_move_window CustomWaveView 351 184
wv_move_window CustomWaveView 357 182
wv_move_window CustomWaveView 364 178
wv_move_window CustomWaveView 375 174
wv_move_window CustomWaveView 385 172
wv_move_window CustomWaveView 395 169
wv_move_window CustomWaveView 403 166
wv_move_window CustomWaveView 412 163
wv_move_window CustomWaveView 420 161
wv_move_window CustomWaveView 426 158
wv_move_window CustomWaveView 433 155
wv_move_window CustomWaveView 439 153
wv_move_window CustomWaveView 445 151
wv_move_window CustomWaveView 449 150
wv_move_window CustomWaveView 453 147
wv_move_window CustomWaveView 460 144
wv_move_window CustomWaveView 465 143
wv_move_window CustomWaveView 470 141
wv_move_window CustomWaveView 474 139
wv_move_window CustomWaveView 478 137
wv_move_window CustomWaveView 486 132
wv_move_window CustomWaveView 490 130
wv_move_window CustomWaveView 492 129
wv_move_window CustomWaveView 496 128
wv_move_window CustomWaveView 499 126
wv_move_window CustomWaveView 503 124
wv_move_window CustomWaveView 506 122
wv_move_window CustomWaveView 509 121
wv_move_window CustomWaveView 512 119
wv_move_window CustomWaveView 514 118
wv_move_window CustomWaveView 516 116
wv_move_window CustomWaveView 518 115
wv_move_window CustomWaveView 520 115
wv_move_window CustomWaveView 523 113
wv_move_window CustomWaveView 525 112
wv_move_window CustomWaveView 528 110
wv_move_window CustomWaveView 531 109
wv_move_window CustomWaveView 535 108
wv_move_window CustomWaveView 539 106
wv_move_window CustomWaveView 542 105
wv_move_window CustomWaveView 546 103
wv_move_window CustomWaveView 551 101
wv_move_window CustomWaveView 555 100
wv_move_window CustomWaveView 560 97
wv_move_window CustomWaveView 564 96
wv_move_window CustomWaveView 567 95
wv_move_window CustomWaveView 570 94
wv_move_window CustomWaveView 572 93
wv_move_window CustomWaveView 575 92
wv_move_window CustomWaveView 578 91
wv_move_window CustomWaveView 582 89
wv_move_window CustomWaveView 588 88
wv_move_window CustomWaveView 593 86
wv_move_window CustomWaveView 599 84
wv_move_window CustomWaveView 603 81
wv_move_window CustomWaveView 607 79
wv_move_window CustomWaveView 613 76
wv_move_window CustomWaveView 620 75
wv_move_window CustomWaveView 626 72
wv_move_window CustomWaveView 633 67
wv_move_window CustomWaveView 641 65
wv_move_window CustomWaveView 647 62
wv_move_window CustomWaveView 653 61
wv_move_window CustomWaveView 667 58
wv_move_window CustomWaveView 667 57
wv_move_window CustomWaveView 667 55
wv_move_window CustomWaveView 667 54
wv_move_window CustomWaveView 667 53
wv_move_window CustomWaveView 677 51
wv_move_window CustomWaveView 678 51
wv_move_window CustomWaveView 680 51
wv_move_window CustomWaveView 682 49
wv_move_window CustomWaveView 683 49
wv_move_window CustomWaveView 684 49
wv_move_window CustomWaveView 684 48
wv_move_window CustomWaveView 685 48
wv_move_window CustomWaveView 686 47
wv_move_window CustomWaveView 687 47
wv_move_window CustomWaveView 688 47
wv_move_window CustomWaveView 689 46
wv_move_window CustomWaveView 690 46
wv_move_window CustomWaveView 691 46
wv_move_window CustomWaveView 692 46
wv_move_window CustomWaveView 693 46
wv_move_window CustomWaveView 694 46
wv_move_window CustomWaveView 695 45
wv_move_window CustomWaveView 696 45
wv_move_window CustomWaveView 697 44
wv_move_window CustomWaveView 699 44
wv_move_window CustomWaveView 700 44
wv_move_window CustomWaveView 701 43
wv_move_window CustomWaveView 703 43
wv_move_window CustomWaveView 704 42
wv_move_window CustomWaveView 705 42
wv_move_window CustomWaveView 706 41
wv_move_window CustomWaveView 707 41
wv_move_window CustomWaveView 708 40
wv_move_window CustomWaveView 709 40
wv_move_window CustomWaveView 710 39
wv_move_window CustomWaveView 711 39
wv_move_window CustomWaveView 712 39
wv_move_window CustomWaveView 713 38
wv_move_window CustomWaveView 714 37
wv_move_window CustomWaveView 715 37
wv_move_window CustomWaveView 715 36
wv_move_window CustomWaveView 716 36
wv_move_window CustomWaveView 717 36
wv_move_window CustomWaveView 719 35
wv_move_window CustomWaveView 720 35
wv_move_window CustomWaveView 720 34
wv_move_window CustomWaveView 721 34
wv_move_window CustomWaveView 722 34
wv_move_window CustomWaveView 724 33
wv_move_window CustomWaveView 725 32
wv_move_window CustomWaveView 726 32
wv_select_sigview_item v(out1)
wv_dclick_sigview_item v(out1)
wv_select_sigview_item v(a1)
wv_dclick_sigview_item v(a1)
wv_select_sigview_item v(b1)
wv_dclick_sigview_item v(b1)
wv_move_window CustomWaveView 724 32
wv_resize_window CustomWaveView 904 555
wv_move_window CustomWaveView 714 32
wv_resize_window CustomWaveView 915 565
wv_move_window CustomWaveView 707 32
wv_resize_window CustomWaveView 926 573
wv_move_window CustomWaveView 684 32
wv_resize_window CustomWaveView 947 588
wv_move_window CustomWaveView 667 32
wv_resize_window CustomWaveView 971 606
wv_move_window CustomWaveView 641 32
wv_resize_window CustomWaveView 994 626
wv_move_window CustomWaveView 614 32
wv_resize_window CustomWaveView 1021 654
wv_move_window CustomWaveView 585 32
wv_resize_window CustomWaveView 1049 694
wv_move_window CustomWaveView 558 32
wv_resize_window CustomWaveView 1077 744
wv_move_window CustomWaveView 541 32
wv_resize_window CustomWaveView 1093 778
wv_move_window CustomWaveView 519 32
wv_resize_window CustomWaveView 1114 831
wv_move_window CustomWaveView 499 32
wv_resize_window CustomWaveView 1134 886
wv_move_window CustomWaveView 477 32
wv_resize_window CustomWaveView 1155 934
wv_move_window CustomWaveView 460 32
wv_resize_window CustomWaveView 1172 976
wv_move_window CustomWaveView 446 32
wv_resize_window CustomWaveView 1184 1001
wv_move_window CustomWaveView 434 32
wv_resize_window CustomWaveView 1195 1015
wv_move_window CustomWaveView 422 32
wv_resize_window CustomWaveView 1207 1022
wv_move_window CustomWaveView 413 32
wv_resize_window CustomWaveView 1214 1025
wv_move_window CustomWaveView 408 32
wv_resize_window CustomWaveView 1220 1027
wv_move_window CustomWaveView 402 32
wv_resize_window CustomWaveView 1226 1028
wv_move_window CustomWaveView 395 32
wv_resize_window CustomWaveView 1231 1029
wv_move_window CustomWaveView 387 32
wv_resize_window CustomWaveView 1243 1031
wv_move_window CustomWaveView 375 32
wv_resize_window CustomWaveView 1252 1032
wv_move_window CustomWaveView 370 32
wv_resize_window CustomWaveView 1258 1032
wv_move_window CustomWaveView 364 32
wv_resize_window CustomWaveView 1264 1032
wv_move_window CustomWaveView 357 32
wv_resize_window CustomWaveView 1271 1032
wv_move_window CustomWaveView 351 32
wv_resize_window CustomWaveView 1276 1032
wv_move_window CustomWaveView 345 32
wv_resize_window CustomWaveView 1283 1032
wv_move_window CustomWaveView 339 32
wv_resize_window CustomWaveView 1290 1032
wv_move_window CustomWaveView 330 32
wv_resize_window CustomWaveView 1299 1033
wv_move_window CustomWaveView 320 32
wv_resize_window CustomWaveView 1309 1036
wv_move_window CustomWaveView 310 32
wv_resize_window CustomWaveView 1318 1038
wv_move_window CustomWaveView 304 32
wv_resize_window CustomWaveView 1324 1038
wv_move_window CustomWaveView 297 32
wv_resize_window CustomWaveView 1332 1040
wv_move_window CustomWaveView 288 32
wv_resize_window CustomWaveView 1339 1042
wv_move_window CustomWaveView 283 32
wv_resize_window CustomWaveView 1344 1043
wv_move_window CustomWaveView 277 32
wv_resize_window CustomWaveView 1351 1045
wv_move_window CustomWaveView 272 32
wv_resize_window CustomWaveView 1355 1048
wv_move_window CustomWaveView 265 32
wv_resize_window CustomWaveView 1362 1052
wv_move_window CustomWaveView 260 32
wv_resize_window CustomWaveView 1369 1054
wv_move_window CustomWaveView 250 32
wv_resize_window CustomWaveView 1379 1057
wv_move_window CustomWaveView 240 32
wv_resize_window CustomWaveView 1389 1059
wv_move_window CustomWaveView 233 32
wv_resize_window CustomWaveView 1394 1061
wv_move_window CustomWaveView 224 32
wv_resize_window CustomWaveView 1404 1062
wv_move_window CustomWaveView 217 32
wv_resize_window CustomWaveView 1410 1063
wv_move_window CustomWaveView 210 32
wv_resize_window CustomWaveView 1419 1065
wv_move_window CustomWaveView 202 32
wv_resize_window CustomWaveView 1427 1066
wv_move_window CustomWaveView 190 32
wv_resize_window CustomWaveView 1439 1068
wv_move_window CustomWaveView 178 32
wv_resize_window CustomWaveView 1451 1071
wv_move_window CustomWaveView 170 32
wv_resize_window CustomWaveView 1460 1073
wv_move_window CustomWaveView 162 32
wv_resize_window CustomWaveView 1465 1075
wv_move_window CustomWaveView 158 32
wv_resize_window CustomWaveView 1469 1076
wv_move_window CustomWaveView 152 32
wv_resize_window CustomWaveView 1477 1079
wv_move_window CustomWaveView 141 32
wv_resize_window CustomWaveView 1489 1083
wv_move_window CustomWaveView 128 32
wv_resize_window CustomWaveView 1501 1087
wv_move_window CustomWaveView 118 32
wv_resize_window CustomWaveView 1509 1088
wv_move_window CustomWaveView 115 32
wv_resize_window CustomWaveView 1512 1088
wv_move_window CustomWaveView 113 32
wv_resize_window CustomWaveView 1514 1088
wv_move_window CustomWaveView 110 32
wv_resize_window CustomWaveView 1516 1088
wv_move_window CustomWaveView 107 32
wv_resize_window CustomWaveView 1520 1088
wv_move_window CustomWaveView 102 32
wv_resize_window CustomWaveView 1526 1088
wv_move_window CustomWaveView 95 32
wv_resize_window CustomWaveView 1532 1088
wv_move_window CustomWaveView 87 32
wv_resize_window CustomWaveView 1541 1088
wv_move_window CustomWaveView 77 32
wv_resize_window CustomWaveView 1551 1088
wv_move_window CustomWaveView 69 32
wv_resize_window CustomWaveView 1559 1088
wv_move_window CustomWaveView 61 32
wv_resize_window CustomWaveView 1566 1089
wv_move_window CustomWaveView 55 32
wv_resize_window CustomWaveView 1573 1090
wv_move_window CustomWaveView 48 32
wv_resize_window CustomWaveView 1580 1092
wv_move_window CustomWaveView 42 32
wv_resize_window CustomWaveView 1586 1093
wv_move_window CustomWaveView 35 32
wv_resize_window CustomWaveView 1592 1096
wv_move_window CustomWaveView 29 32
wv_resize_window CustomWaveView 1601 1101
wv_move_window CustomWaveView 21 32
wv_resize_window CustomWaveView 1609 1111
wv_move_window CustomWaveView 14 32
wv_resize_window CustomWaveView 1613 1111
wv_move_window CustomWaveView 12 32
wv_resize_window CustomWaveView 1614 1111
wv_move_window CustomWaveView 11 32
wv_resize_window CustomWaveView 1615 1111
wv_move_window CustomWaveView 10 32
wv_resize_window CustomWaveView 1616 1111
wv_move_window CustomWaveView 0 32
wv_resize_window CustomWaveView 1626 1111
wv_resize_window CustomWaveView 1626 1101
wv_resize_window CustomWaveView 1626 1099
wv_resize_window CustomWaveView 1626 1097
wv_resize_window CustomWaveView 1626 1096
wv_resize_window CustomWaveView 1626 1095
wv_resize_window CustomWaveView 1626 1094
wv_resize_window CustomWaveView 1626 1093
wv_resize_window CustomWaveView 1626 1092
wv_resize_window CustomWaveView 1628 1092
wv_resize_window CustomWaveView 1634 1092
wv_resize_window CustomWaveView 1641 1092
wv_resize_window CustomWaveView 1653 1092
wv_resize_window CustomWaveView 1668 1092
wv_resize_window CustomWaveView 1706 1092
wv_resize_window CustomWaveView 1774 1092
wv_resize_window CustomWaveView 1810 1092
wv_resize_window CustomWaveView 1822 1092
wv_resize_window CustomWaveView 1823 1092
wv_resize_window CustomWaveView 1827 1092
wv_resize_window CustomWaveView 1833 1092
wv_resize_window CustomWaveView 1843 1092
wv_resize_window CustomWaveView 1848 1092
wv_resize_window CustomWaveView 1852 1092
wv_resize_window CustomWaveView 1859 1092
wv_resize_window CustomWaveView 1862 1092
wv_resize_window CustomWaveView 1873 1092
wv_resize_window CustomWaveView 1880 1092
wv_resize_window CustomWaveView 1882 1092
wv_resize_window CustomWaveView 1883 1092
wv_resize_window CustomWaveView 1884 1092
wv_resize_window CustomWaveView 1885 1092
wv_close_window CustomWaveView
## Confirmation dialog opened
wv_move_dialog Confirmation 849 552
wv_select_dialog Confirmation
wv_select_dialog Confirmation
# wv_press_button Confirmation.Ok
